[debug] [2021-05-01T16:11:32.773Z] ----------------------------------------------------------------------
[debug] [2021-05-01T16:11:32.776Z] Command:       C:\Program Files\nodejs\node.exe C:\Users\admin\AppData\Roaming\npm\node_modules\firebase-tools\lib\bin\firebase.js init
[debug] [2021-05-01T16:11:32.776Z] CLI Version:   9.10.0
[debug] [2021-05-01T16:11:32.776Z] Platform:      win32
[debug] [2021-05-01T16:11:32.776Z] Node Version:  v14.16.1
[debug] [2021-05-01T16:11:32.777Z] Time:          Sat May 01 2021 21:41:32 GMT+0530 (India Standard Time)
[debug] [2021-05-01T16:11:32.777Z] ----------------------------------------------------------------------
[debug] 
[debug] [2021-05-01T16:11:32.785Z] > command requires scopes: ["email","openid","https://www.googleapis.com/auth/cloudplatformprojects.readonly","https://www.googleapis.com/auth/firebase","https://www.googleapis.com/auth/cloud-platform"]
[debug] [2021-05-01T16:11:32.786Z] > authorizing via signed-in user (er.bhuvanarora@gmail.com)
[info] 
     ######## #### ########  ######## ########     ###     ######  ########
     ##        ##  ##     ## ##       ##     ##  ##   ##  ##       ##
     ######    ##  ########  ######   ########  #########  ######  ######
     ##        ##  ##    ##  ##       ##     ## ##     ##       ## ##
     ##       #### ##     ## ######## ########  ##     ##  ######  ########

You're about to initialize a Firebase project in this directory:

  C:\MySpace\facebook-clone

Before we get started, keep in mind:

  * You are currently outside your home directory
  * You are initializing in an existing Firebase project directory

